03.06.2021 01:20:54
РћС€РёР±РєР° РґРѕР±Р°РІР»РµРЅРёСЏ РЅРѕРІРѕР№ Р·Р°РїРёСЃРё РІ Р±Р°Р·Сѓ: SQLSTATE[HY000]: General error: 1364 Field 'id' doesn't have a default value
-------------------------
03.06.2021 01:21:10
РћС€РёР±РєР° РґРѕР±Р°РІР»РµРЅРёСЏ РЅРѕРІРѕР№ Р·Р°РїРёСЃРё РІ Р±Р°Р·Сѓ: SQLSTATE[HY000]: General error: 1364 Field 'id' doesn't have a default value
-------------------------
03.06.2021 01:34:02
РћС€РёР±РєР° РґРѕР±Р°РІР»РµРЅРёСЏ РЅРѕРІРѕР№ Р·Р°РїРёСЃРё РІ Р±Р°Р·Сѓ: SQLSTATE[HY000]: General error: 1364 Field 'id' doesn't have a default value
-------------------------
03.06.2021 01:34:52
РћС€РёР±РєР° РґРѕР±Р°РІР»РµРЅРёСЏ РЅРѕРІРѕР№ Р·Р°РїРёСЃРё РІ Р±Р°Р·Сѓ: SQLSTATE[HY000]: General error: 1364 Field 'id' doesn't have a default value
-------------------------
03.06.2021 01:40:40
РћС€РёР±РєР° РґРѕР±Р°РІР»РµРЅРёСЏ РЅРѕРІРѕР№ Р·Р°РїРёСЃРё РІ Р±Р°Р·Сѓ: SQLSTATE[HY000]: General error: 1364 Field 'id' doesn't have a default value
-------------------------
03.06.2021 01:43:14
РћС€РёР±РєР° РґРѕР±Р°РІР»РµРЅРёСЏ РЅРѕРІРѕР№ Р·Р°РїРёСЃРё РІ Р±Р°Р·Сѓ: SQLSTATE[HY000]: General error: 1364 Field 'id' doesn't have a default value
-------------------------
03.06.2021 01:43:28
РћС€РёР±РєР° РґРѕР±Р°РІР»РµРЅРёСЏ РЅРѕРІРѕР№ Р·Р°РїРёСЃРё РІ Р±Р°Р·Сѓ: SQLSTATE[HY000]: General error: 1364 Field 'id' doesn't have a default value
-------------------------
03.06.2021 01:44:31
РћС€РёР±РєР° РґРѕР±Р°РІР»РµРЅРёСЏ РЅРѕРІРѕР№ Р·Р°РїРёСЃРё РІ Р±Р°Р·Сѓ: SQLSTATE[HY000]: General error: 1364 Field 'id' doesn't have a default value
-------------------------
03.06.2021 01:44:48
РћС€РёР±РєР° РґРѕР±Р°РІР»РµРЅРёСЏ РЅРѕРІРѕР№ Р·Р°РїРёСЃРё РІ Р±Р°Р·Сѓ: SQLSTATE[HY000]: General error: 1364 Field 'id' doesn't have a default value
-------------------------
03.06.2021 01:45:43
РћС€РёР±РєР° РґРѕР±Р°РІР»РµРЅРёСЏ РЅРѕРІРѕР№ Р·Р°РїРёСЃРё РІ Р±Р°Р·Сѓ: SQLSTATE[HY000]: General error: 1364 Field 'id' doesn't have a default value
-------------------------
03.06.2021 01:46:46
РћС€РёР±РєР° РґРѕР±Р°РІР»РµРЅРёСЏ РЅРѕРІРѕР№ Р·Р°РїРёСЃРё РІ Р±Р°Р·Сѓ: SQLSTATE[HY000]: General error: 1364 Field 'id' doesn't have a default value
-------------------------
03.06.2021 01:53:15
РћС€РёР±РєР° РґРѕР±Р°РІР»РµРЅРёСЏ РЅРѕРІРѕР№ Р·Р°РїРёСЃРё РІ Р±Р°Р·Сѓ: SQLSTATE[HY000]: General error: 1364 Field 'id' doesn't have a default value
-------------------------
03.06.2021 01:56:36
РћС€РёР±РєР° РґРѕР±Р°РІР»РµРЅРёСЏ РЅРѕРІРѕР№ Р·Р°РїРёСЃРё РІ Р±Р°Р·Сѓ: SQLSTATE[HY000]: General error: 1364 Field 'id' doesn't have a default value
-------------------------
03.06.2021 01:59:46
РћС€РёР±РєР° РґРѕР±Р°РІР»РµРЅРёСЏ РЅРѕРІРѕР№ Р·Р°РїРёСЃРё РІ Р±Р°Р·Сѓ: SQLSTATE[HY000]: General error: 1364 Field 'id' doesn't have a default value
-------------------------
09.06.2021 11:44:43
РќРµ РїРµСЂРµРґР°РЅ id!
-------------------------
09.06.2021 11:45:12
РќРµ РїРµСЂРµРґР°РЅ id!
-------------------------
15.06.2021 18:35:13
РќРµ РїРµСЂРµРґР°РЅ id!
-------------------------
15.06.2021 18:38:21
РќРµ РїРµСЂРµРґР°РЅ id!
-------------------------
15.06.2021 18:49:55
РќРµ РїРµСЂРµРґР°РЅ id!
-------------------------
15.06.2021 18:52:29
РќРµ РїРµСЂРµРґР°РЅ id!
-------------------------
15.06.2021 18:52:54
РќРµ РїРµСЂРµРґР°РЅ id!
-------------------------
15.06.2021 19:09:01
РќРµ РїРµСЂРµРґР°РЅ id!
-------------------------
15.06.2021 20:03:15
РќРµ РїРµСЂРµРґР°РЅ id!
-------------------------
27.06.2021 00:57:51
РќРµ РїРµСЂРµРґР°РЅ id!
-------------------------
03.07.2021 13:37:13
РџРѕРґРєР»СЋС‡РµРЅРёРµ РЅРµ СѓРґР°Р»РѕСЃСЊ: SQLSTATE[HY000] [2002] Подключение не установлено, т.к. конечный компьютер отверг запрос на подключение.

-------------------------
